This is pdfTeX, Version 3.1415926-2.5-1.40.14 (MiKTeX 2.9) (preloaded format=pdflatex 2015.5.27)  19 SEP 2015 18:19
entering extended mode
**Principal.tex
("C:\Users\Andressa Faria\Documents\GitHub\tcc\documento\latex\Principal.tex"
LaTeX2e <2011/06/27>
Babel <v3.8m> and hyphenation patterns for english, afrikaans, ancientgreek, ar
abic, armenian, assamese, basque, bengali, bokmal, bulgarian, catalan, coptic, 
croatian, czech, danish, dutch, esperanto, estonian, farsi, finnish, french, ga
lician, german, german-x-2013-05-26, greek, gujarati, hindi, hungarian, iceland
ic, indonesian, interlingua, irish, italian, kannada, kurmanji, latin, latvian,
 lithuanian, malayalam, marathi, mongolian, mongolianlmc, monogreek, ngerman, n
german-x-2013-05-26, nynorsk, oriya, panjabi, pinyin, polish, portuguese, roman
ian, russian, sanskrit, serbian, slovak, slovenian, spanish, swedish, swissgerm
an, tamil, telugu, turkish, turkmen, ukenglish, ukrainian, uppersorbian, usengl
ishmax, welsh, loaded.

("C:\Users\Andressa Faria\AppData\Roaming\MiKTeX\2.9\tex\latex\abntex2\abntex2.
cls"
Document Class: abntex2 2015/04/28 v1.9.5 abnTeX2
("C:\Program Files (x86)\MiKTeX 2.9\tex\latex\base\ifthen.sty"
Package: ifthen 2001/05/26 v1.1c Standard LaTeX ifthen package (DPC)
)
("C:\Users\Andressa Faria\AppData\Roaming\MiKTeX\2.9\tex\latex\memoir\memoir.cl
s"
Document Class: memoir 2015/04/23 v3.7d configurable book, report, article docu
ment class
\onelineskip=\skip41
\lxvchars=\skip42
\xlvchars=\skip43
\@memcnta=\count79
\c@@memmarkcntra=\count80
\l@nohyphenation=\language69
("C:\Program Files (x86)\MiKTeX 2.9\tex\generic\oberdiek\ifpdf.sty"
Package: ifpdf 2011/01/30 v2.3 Provides the ifpdf switch (HO)
Package ifpdf Info: pdfTeX in PDF mode is detected.
)
("C:\Users\Andressa Faria\AppData\Roaming\MiKTeX\2.9\tex\latex\ifetex\ifetex.st
y"
Package: ifetex 2011/12/15 v1.2 ifetex

("C:\Users\Andressa Faria\AppData\Roaming\MiKTeX\2.9\tex\plain\ifetex\ifetex.te
x")) ("C:\Program Files (x86)\MiKTeX 2.9\tex\generic\ifxetex\ifxetex.sty"
Package: ifxetex 2010/09/12 v0.6 Provides ifxetex conditional
)
("C:\Program Files (x86)\MiKTeX 2.9\tex\generic\oberdiek\ifluatex.sty"
Package: ifluatex 2010/03/01 v1.3 Provides the ifluatex switch (HO)
Package ifluatex Info: LuaTeX not detected.
)
\stockheight=\skip44
\stockwidth=\skip45
\trimtop=\skip46
\trimedge=\skip47

("C:\Program Files (x86)\MiKTeX 2.9\tex\latex\misc\etex.sty"
Package: etex 1998/03/26 v2.0 eTeX basic definition package (PEB)
\et@xins=\count81
)
("C:\Users\Andressa Faria\AppData\Roaming\MiKTeX\2.9\tex\latex\memoir\mem12.clo
"
File: mem12.clo 2010/10/19 v0.4b memoir class 12pt size option
)
\binding=\skip48
\spinemargin=\skip49
\foremargin=\skip50
\uppermargin=\skip51
\lowermargin=\skip52
\headdrop=\skip53
\normalrulethickness=\skip54
\mem@maxheadheight=\skip55
\mem@maxfootheight=\skip56
\headwidth=\skip57
\c@storedpagenumber=\count82
\memPD=\dimen102
\m@mabparskip=\skip58
\thanksmarkwidth=\skip59
\thanksmarksep=\skip60
\droptitle=\skip61
\c@book=\count83
\c@part=\count84
\c@chapter=\count85
\c@section=\count86
\c@subsection=\count87
\c@subsubsection=\count88
\c@paragraph=\count89
\c@subparagraph=\count90
\beforechapskip=\skip62
\midchapskip=\skip63
\afterchapskip=\skip64
\chapindent=\skip65
\bottomsectionskip=\skip66
\secindent=\skip67
\beforesecskip=\skip68
\aftersecskip=\skip69
\subsecindent=\skip70
\beforesubsecskip=\skip71
\aftersubsecskip=\skip72
\subsubsecindent=\skip73
\beforesubsubsecskip=\skip74
\aftersubsubsecskip=\skip75
\paraindent=\skip76
\beforeparaskip=\skip77
\afterparaskip=\skip78
\subparaindent=\skip79
\beforesubparaskip=\skip80
\aftersubparaskip=\skip81
\pfbreakskip=\skip82
\c@@ppsavesec=\count91
\c@@ppsaveapp=\count92
\ragrparindent=\dimen103
\everylistparindent=\dimen104
\parsepi=\skip83
\topsepi=\skip84
\itemsepi=\skip85
\parsepii=\skip86
\topsepii=\skip87
\topsepiii=\skip88
\itemsepii=\skip89
\itemsepiii=\skip90
\partopsepii=\skip91
\partopsepiii=\skip92
\m@msavetopsep=\skip93
\m@msavepartopsep=\skip94
\@enLab=\toks14
\abstitleskip=\skip95
\absleftindent=\skip96
\abs@leftindent=\dimen105
\absrightindent=\skip97
\absparindent=\skip98
\absparsep=\skip99
\c@vslineno=\count93
\c@poemline=\count94
\c@modulo@vs=\count95
\c@memfvsline=\count96
\vleftskip=\skip100
\vrightskip=\skip101
\stanzaskip=\skip102
\versewidth=\skip103
\vgap=\skip104
\vindent=\skip105
\vleftmargin=\dimen106
\c@verse=\count97
\c@chrsinstr=\count98
\beforepoemtitleskip=\skip106
\afterpoemtitleskip=\skip107
\c@poem=\count99
\beforePoemTitleskip=\skip108
\midPoemTitleskip=\skip109
\afterPoemTitleskip=\skip110
\col@sep=\dimen107
\extrarowheight=\dimen108
\NC@list=\toks15
\extratabsurround=\skip111
\backup@length=\skip112
\TX@col@width=\dimen109
\TX@old@table=\dimen110
\TX@old@col=\dimen111
\TX@target=\dimen112
\TX@delta=\dimen113
\TX@cols=\count100
\TX@ftn=\toks16
\heavyrulewidth=\dimen114
\lightrulewidth=\dimen115
\cmidrulewidth=\dimen116
\belowrulesep=\dimen117
\belowbottomsep=\dimen118
\aboverulesep=\dimen119
\abovetopsep=\dimen120
\cmidrulesep=\dimen121
\cmidrulekern=\dimen122
\defaultaddspace=\dimen123
\@cmidla=\count101
\@cmidlb=\count102
\@aboverulesep=\dimen124
\@belowrulesep=\dimen125
\@thisruleclass=\count103
\@lastruleclass=\count104
\@thisrulewidth=\dimen126
\ctableftskip=\skip113
\ctabrightskip=\skip114
\abovecolumnspenalty=\count105
\@linestogo=\count106
\@cellstogo=\count107
\@cellsincolumn=\count108
\crtok=\toks17
\@mincolumnwidth=\dimen127
\c@newflo@tctr=\count109
\mem@margin@floatbox=\box26
\@contcwidth=\skip115
\@contindw=\skip116
\abovecaptionskip=\skip117
\belowcaptionskip=\skip118
\subfloattopskip=\skip119
\subfloatcapskip=\skip120
\subfloatcaptopadj=\skip121
\subfloatbottomskip=\skip122
\subfloatlabelskip=\skip123
\subfloatcapmargin=\dimen128
\c@@contsubnum=\count110
\m@mscap@capbox=\box27
\m@mscap@fbox=\box28
\sidecapsep=\dimen129
\sidecapwidth=\dimen130
\m@m@tempdima=\dimen131
\m@mscapraise=\dimen132
\sidecapraise=\dimen133
\m@mscapmainwidth=\dimen134
\m@mscaplkern=\dimen135
\beforeepigraphskip=\skip124
\afterepigraphskip=\skip125
\epigraphwidth=\skip126
\epigraphrule=\skip127
LaTeX Info: Redefining \em on input line 7533.
LaTeX Info: Redefining \emph on input line 7541.
\tocentryskip=\skip128
\tocbaseline=\skip129
\cftparskip=\skip130
\cftbeforebookskip=\skip131
\cftbookindent=\dimen136
\cftbooknumwidth=\dimen137
\cftbeforepartskip=\skip132
\cftpartindent=\skip133
\cftpartnumwidth=\skip134
\cftbeforechapterskip=\skip135
\cftchapterindent=\skip136
\cftchapternumwidth=\skip137
\cftbeforesectionskip=\skip138
\cftsectionindent=\skip139
\cftsectionnumwidth=\skip140
\cftbeforesubsectionskip=\skip141
\cftsubsectionindent=\skip142
\cftsubsectionnumwidth=\skip143
\cftbeforesubsubsectionskip=\skip144
\cftsubsubsectionindent=\skip145
\cftsubsubsectionnumwidth=\skip146
\cftbeforeparagraphskip=\skip147
\cftparagraphindent=\skip148
\cftparagraphnumwidth=\skip149
\cftbeforesubparagraphskip=\skip150
\cftsubparagraphindent=\skip151
\cftsubparagraphnumwidth=\skip152
\prechapterprecisshift=\dimen138
\c@maxsecnumdepth=\count111
\bibindent=\dimen139
\bibitemsep=\skip153
\indexcolsep=\skip154
\indexrule=\skip155
\indexmarkstyle=\toks18
\@indexbox=\insert233
\glossarycolsep=\dimen140
\glossaryrule=\dimen141
\sideparvshift=\skip156
\sideins=\insert232
\sidebartopsep=\skip157
\sidebarhsep=\skip158
\sidebarvsep=\skip159
\sidebarwidth=\skip160
\footmarkwidth=\skip161
\footmarksep=\skip162
\footparindent=\skip163
\footinsdim=\skip164
\footinsv@r=\insert231
\@mpfootinsv@r=\insert230
\m@m@k=\count112
\m@m@h=\dimen142
\m@mipn@skip=\skip165
\sidefootins=\insert229
\sidefootadjust=\skip166
\sidefootheight=\skip167
\sidefoothsep=\skip168
\sidefootvsep=\skip169
\sidefootwidth=\skip170
\m@mdownsf=\skip171
\c@sidefootnote=\count113
\sidefootmarkwidth=\skip172
\sidefootmarksep=\skip173
\sidefootparindent=\skip174
\c@pagenote=\count114
\c@pagenoteshadow=\count115
\mem@pn@lastkern=\skip175
\every@verbatim=\toks19
\afterevery@verbatim=\toks20
\verbatim@line=\toks21
\tab@position=\count116
\verbatim@in@stream=\read1
\verbatimindent=\skip176
\verbatim@out=\write3
\bvboxsep=\skip177
\c@memfbvline=\count117
\c@bvlinectr=\count118
\bvnumlength=\skip178
\fb@frw=\dimen143
\fb@frh=\dimen144
\FrameRule=\dimen145
\FrameSep=\dimen146
\c@cp@cntr=\count119
LaTeX Info: Redefining \: on input line 12050.
LaTeX Info: Redefining \! on input line 12052.
\c@ism@mctr=\count120
\c@xsm@mctr=\count121
\c@csm@mctr=\count122
\c@ksm@mctr=\count123
\c@xksm@mctr=\count124
\c@cksm@mctr=\count125
\c@msm@mctr=\count126
\c@xmsm@mctr=\count127
\c@cmsm@mctr=\count128
\c@bsm@mctr=\count129
\c@workm@mctr=\count130
\c@sheetsequence=\count131
\c@lastsheet=\count132
\c@lastpage=\count133
\c@figure=\count134
\c@lofdepth=\count135
\cftbeforefigureskip=\skip179
\cftfigureindent=\skip180
\cftfigurenumwidth=\skip181
\c@table=\count136
\c@lotdepth=\count137
\cftbeforetableskip=\skip182
\cfttableindent=\skip183
\cfttablenumwidth=\skip184
Package abstract [2008/07/23] emulated by memoir.
Package appendix [2008/07/23] emulated by memoir.
Package array [2008/09/09] emulated by memoir.
Package booktabs [2008/07/23] emulated by memoir.
Package ccaption [2008/07/23] emulated by memoir.
Package changepage [2008/07/23] emulated by memoir.
Package chngcntr [2008/07/23] emulated by memoir.
Package chngpage [2008/07/23] emulated by memoir.
Package crop emulated by memoir.
Package dcolumn [2008/07/23] emulated by memoir.
Package delarray [2008/07/23] emulated by memoir.
Package enumerate [2008/07/23] emulated by memoir.
Package epigraph [2008/07/23] emulated by memoir.
Package ifmtarg [2008/07/23] emulated by memoir.
Package index [2008/07/23] emulated by memoir.
Package makeidx [2008/07/23] emulated by memoir.
Package moreverb [2008/07/23] emulated by memoir.
Package mparhack [2008/07/23] emulated by memoir.
Package needspace [2008/07/23] emulated by memoir.
Package newfile [2008/07/23] emulated by memoir.
Package nextpage [2008/07/23] emulated by memoir.
Package pagenote [2008/07/23] emulated by memoir.
Package parskip [2008/07/23] emulated by memoir.
Package patchcmd [2008/07/23] emulated by memoir.
Package setspace [2008/07/23] emulated by memoir.
Package shortvrb [2008/07/23] emulated by memoir.
Package showidx [2008/07/23] emulated by memoir.
Package tabularx [2008/07/23] emulated by memoir.
Package titleref [2008/07/23] emulated by memoir.
Package titling [2008/07/23] emulated by memoir.
Package tocbibind [2008/07/23] emulated by memoir.
Package tocloft [2008/07/23] emulated by memoir.
Package tocvsec2 [2008/07/23] emulated by memoir.
Package verbatim [2008/07/23] emulated by memoir.
Package verse [2008/07/23] emulated by memoir.

("C:\Users\Andressa Faria\AppData\Roaming\MiKTeX\2.9\tex\latex\memoir\mempatch.
sty"
Package: mempatch 2009/07/24 v6.0f Patches for memoir class v1.6180339
))
("C:\Users\Andressa Faria\AppData\Roaming\MiKTeX\2.9\tex\latex\textcase\textcas
e.sty"
Package: textcase 2004/10/07 v0.07 Text only upper/lower case changing (DPC)
LaTeX Info: Redefining \MakeTextUppercase on input line 47.
LaTeX Info: Redefining \MakeTextLowercase on input line 50.
) ("C:\Program Files (x86)\MiKTeX 2.9\tex\latex\hyperref\hyperref.sty"
Package: hyperref 2012/11/06 v6.83m Hypertext links for LaTeX

("C:\Program Files (x86)\MiKTeX 2.9\tex\generic\oberdiek\hobsub-hyperref.sty"
Package: hobsub-hyperref 2012/04/25 v1.12 Bundle oberdiek, subset hyperref (HO)


("C:\Program Files (x86)\MiKTeX 2.9\tex\generic\oberdiek\hobsub-generic.sty"
Package: hobsub-generic 2012/04/25 v1.12 Bundle oberdiek, subset generic (HO)
Package: hobsub 2012/04/25 v1.12 Construct package bundles (HO)
Package: infwarerr 2010/04/08 v1.3 Providing info/warning/error messages (HO)
Package: ltxcmds 2011/11/09 v1.22 LaTeX kernel commands for general use (HO)
Package hobsub Info: Skipping package `ifluatex' (already loaded).
Package: ifvtex 2010/03/01 v1.5 Detect VTeX and its facilities (HO)
Package ifvtex Info: VTeX not detected.
Package: intcalc 2007/09/27 v1.1 Expandable calculations with integers (HO)
Package hobsub Info: Skipping package `ifpdf' (already loaded).
Package: etexcmds 2011/02/16 v1.5 Avoid name clashes with e-TeX commands (HO)
Package etexcmds Info: Could not find \expanded.
(etexcmds)             That can mean that you are not using pdfTeX 1.50 or
(etexcmds)             that some package has redefined \expanded.
(etexcmds)             In the latter case, load this package earlier.
Package: kvsetkeys 2012/04/25 v1.16 Key value parser (HO)
Package: kvdefinekeys 2011/04/07 v1.3 Define keys (HO)
Package: pdftexcmds 2011/11/29 v0.20 Utility functions of pdfTeX for LuaTeX (HO
)
Package pdftexcmds Info: LuaTeX not detected.
Package pdftexcmds Info: \pdf@primitive is available.
Package pdftexcmds Info: \pdf@ifprimitive is available.
Package pdftexcmds Info: \pdfdraftmode found.
Package: pdfescape 2011/11/25 v1.13 Implements pdfTeX's escape features (HO)
Package: bigintcalc 2012/04/08 v1.3 Expandable calculations on big integers (HO
)
Package: bitset 2011/01/30 v1.1 Handle bit-vector datatype (HO)
Package: uniquecounter 2011/01/30 v1.2 Provide unlimited unique counter (HO)
)
Package hobsub Info: Skipping package `hobsub' (already loaded).
Package: letltxmacro 2010/09/02 v1.4 Let assignment for LaTeX macros (HO)
Package: hopatch 2011/06/24 v1.1 Wrapper for package hooks (HO)
Package: xcolor-patch 2011/01/30 xcolor patch
Package: atveryend 2011/06/30 v1.8 Hooks at the very end of document (HO)
Package atveryend Info: \enddocument detected (standard20110627).
Package: atbegshi 2011/10/05 v1.16 At begin shipout hook (HO)
Package: refcount 2011/10/16 v3.4 Data extraction from label references (HO)
Package: hycolor 2011/01/30 v1.7 Color options for hyperref/bookmark (HO)
)
("C:\Program Files (x86)\MiKTeX 2.9\tex\latex\graphics\keyval.sty"
Package: keyval 1999/03/16 v1.13 key=value parser (DPC)
\KV@toks@=\toks22
)
("C:\Program Files (x86)\MiKTeX 2.9\tex\latex\oberdiek\auxhook.sty"
Package: auxhook 2011/03/04 v1.3 Hooks for auxiliary files (HO)
)
("C:\Program Files (x86)\MiKTeX 2.9\tex\latex\oberdiek\kvoptions.sty"
Package: kvoptions 2011/06/30 v3.11 Key value format for package options (HO)
)
\@linkdim=\dimen147
\Hy@linkcounter=\count138
\Hy@pagecounter=\count139

("C:\Program Files (x86)\MiKTeX 2.9\tex\latex\hyperref\pd1enc.def"
File: pd1enc.def 2012/11/06 v6.83m Hyperref: PDFDocEncoding definition (HO)
)
\Hy@SavedSpaceFactor=\count140

("C:\Program Files (x86)\MiKTeX 2.9\tex\latex\00miktex\hyperref.cfg"
File: hyperref.cfg 2002/06/06 v1.2 hyperref configuration of TeXLive
)
Package hyperref Info: Hyper figures OFF on input line 4443.
Package hyperref Info: Link nesting OFF on input line 4448.
Package hyperref Info: Hyper index ON on input line 4451.
Package hyperref Info: Plain pages OFF on input line 4458.
Package hyperref Info: Backreferencing OFF on input line 4463.
Package hyperref Info: Implicit mode ON; LaTeX internals redefined.
Package hyperref Info: Bookmarks ON on input line 4688.
\c@Hy@tempcnt=\count141

("C:\Users\Andressa Faria\AppData\Roaming\MiKTeX\2.9\tex\latex\url\url.sty"
\Urlmuskip=\muskip10
Package: url 2013/09/16  ver 3.4  Verb mode for urls, etc.
)
LaTeX Info: Redefining \url on input line 5041.
\XeTeXLinkMargin=\dimen148
\Fld@menulength=\count142
\Field@Width=\dimen149
\Fld@charsize=\dimen150
Package hyperref Info: Hyper figures OFF on input line 6295.
Package hyperref Info: Link nesting OFF on input line 6300.
Package hyperref Info: Hyper index ON on input line 6303.
Package hyperref Info: backreferencing OFF on input line 6310.
Package hyperref Info: Link coloring OFF on input line 6315.
Package hyperref Info: Link coloring with OCG OFF on input line 6320.
Package hyperref Info: PDF/A mode OFF on input line 6325.
LaTeX Info: Redefining \ref on input line 6365.
LaTeX Info: Redefining \pageref on input line 6369.
\Hy@abspage=\count143
\c@Item=\count144
\c@Hfootnote=\count145
)
("C:\Users\Andressa Faria\AppData\Roaming\MiKTeX\2.9\tex\latex\memoir\memhfixc.
sty"
Package: memhfixc 2013/05/30 v1.17 nameref/hyperref package fixes for memoir cl
ass
\c@memhycontfloat=\count146
\c@Hpagenote=\count147
)

Package hyperref Message: Driver (autodetected): hpdftex.

("C:\Program Files (x86)\MiKTeX 2.9\tex\latex\hyperref\hpdftex.def"
File: hpdftex.def 2012/11/06 v6.83m Hyperref driver for pdfTeX
\Fld@listcount=\count148
\c@bookmark@seq@number=\count149

("C:\Program Files (x86)\MiKTeX 2.9\tex\latex\oberdiek\rerunfilecheck.sty"
Package: rerunfilecheck 2011/04/15 v1.7 Rerun checks for auxiliary files (HO)
Package uniquecounter Info: New unique counter `rerunfilecheck' on input line 2
82.
)
\Hy@SectionHShift=\skip185
)
("C:\Program Files (x86)\MiKTeX 2.9\tex\latex\oberdiek\bookmark.sty"
Package: bookmark 2011/12/02 v1.24 PDF bookmarks (HO)

("C:\Program Files (x86)\MiKTeX 2.9\tex\latex\oberdiek\bkm-pdftex.def"
File: bkm-pdftex.def 2011/12/02 v1.24 bookmark driver for pdfTeX (HO)
\BKM@id=\count150
))
("C:\Program Files (x86)\MiKTeX 2.9\tex\generic\babel\babel.sty"
Package: babel 2008/07/08 v3.8m The Babel package

*************************************
* Local config file bblopts.cfg used
*
("C:\Program Files (x86)\MiKTeX 2.9\tex\latex\00miktex\bblopts.cfg"
File: bblopts.cfg 2006/07/31 v1.0 MiKTeX 'babel' configuration
)
("C:\Program Files (x86)\MiKTeX 2.9\tex\generic\babel\english.ldf"
Language: english 2005/03/30 v3.3o English support from the babel system

("C:\Program Files (x86)\MiKTeX 2.9\tex\generic\babel\babel.def"
File: babel.def 2008/07/08 v3.8m Babel common definitions
\babel@savecnt=\count151
\U@D=\dimen151
)
\l@canadian = a dialect from \language\l@american 
\l@australian = a dialect from \language\l@british 
\l@newzealand = a dialect from \language\l@british 
)
("C:\Program Files (x86)\MiKTeX 2.9\tex\generic\babel\portuges.ldf"
Language: portuges 2008/03/18 v1.2q Portuguese support from the babel system
\l@brazil = a dialect from \language\l@portuges 
Package babel Info: Making " an active character on input line 145.
))
("C:\Users\Andressa Faria\AppData\Roaming\MiKTeX\2.9\tex\latex\enumitem\enumite
m.sty"
Package: enumitem 2011/09/28 v3.5.2 Customized lists
\labelindent=\skip186
\enit@outerparindent=\dimen152
\enit@toks=\toks23
\enit@inbox=\box29
\enitdp@description=\count152
) ("C:\Program Files (x86)\MiKTeX 2.9\tex\latex\tools\calc.sty"
Package: calc 2007/08/22 v4.3 Infix arithmetic (KKT,FJ)
\calc@Acount=\count153
\calc@Bcount=\count154
\calc@Adimen=\dimen153
\calc@Bdimen=\dimen154
\calc@Askip=\skip187
\calc@Bskip=\skip188
LaTeX Info: Redefining \setlength on input line 76.
LaTeX Info: Redefining \addtolength on input line 77.
\calc@Ccount=\count155
\calc@Cskip=\skip189
)

******************************************************
Stock height and width: 845.04684pt by 597.50787pt
Top and edge trims: 0pt and 0pt
Page height and width: 845.04684pt by 597.50787pt
Text height and width: 708pt by 455pt
Spine and edge margins: 85.35826pt and 56.9055pt
Upper and lower margins: 85.35826pt and 51.68858pt
Headheight and headsep: 14.5pt and 19.8738pt
Footskip: 30pt
Columnsep and columnseprule: 10pt and 0pt
Marginparsep and marginparwidth: 7pt and 42.9055pt
Sidecapsep and sidecapwidth: 7pt and 42pt
Sidebarhsep and sidebarwidth: 7pt and 42pt
Sidebarvsep and sidebartopsep: 14.5pt and 0pt
Sidebarheight: 590.14995pt
Sidefoothsep and sidefootwidth: 7pt and 42pt
Sidefootvsep and sidefootheight: 14.5pt and 590.14995pt
******************************************************

\c@abntex@bookmarkcounter=\count156
\cftlastnumwidth=\skip190
\chapternamenumlength=\skip191
\ABNTEXcitacaorecuo=\skip192
\c@alineasi=\count157
\c@alineasii=\count158
\enitdp@alineas=\count159
\c@subalineasi=\count160
\enitdp@subalineas=\count161
\c@incisosi=\count162
\enitdp@incisos=\count163
\ABNTEXsignwidth=\skip193
\ABNTEXsignthickness=\skip194
\ABNTEXsignskip=\skip195
)
("C:\Users\Andressa Faria\Documents\GitHub\tcc\documento\latex\styles/CodeStyle
.sty" ("C:\Program Files (x86)\MiKTeX 2.9\tex\latex\graphics\color.sty"
Package: color 2005/11/14 v1.0j Standard LaTeX Color (DPC)

("C:\Program Files (x86)\MiKTeX 2.9\tex\latex\00miktex\color.cfg"
File: color.cfg 2007/01/18 v1.5 color configuration of teTeX/TeXLive
)
Package color Info: Driver file: pdftex.def on input line 130.

("C:\Program Files (x86)\MiKTeX 2.9\tex\latex\pdftex-def\pdftex.def"
File: pdftex.def 2011/05/27 v0.06d Graphics/color for pdfTeX
\Gread@gobject=\count164
))
("C:\Users\Andressa Faria\AppData\Roaming\MiKTeX\2.9\tex\latex\listings\listing
s.sty"
\lst@mode=\count165
\lst@gtempboxa=\box30
\lst@token=\toks24
\lst@length=\count166
\lst@currlwidth=\dimen155
\lst@column=\count167
\lst@pos=\count168
\lst@lostspace=\dimen156
\lst@width=\dimen157
\lst@newlines=\count169
\lst@lineno=\count170
\lst@maxwidth=\dimen158

("C:\Users\Andressa Faria\AppData\Roaming\MiKTeX\2.9\tex\latex\listings\lstmisc
.sty"
File: lstmisc.sty 2014/09/06 1.5e (Carsten Heinz)
\c@lstnumber=\count171
\lst@skipnumbers=\count172
\lst@framebox=\box31
)
("C:\Users\Andressa Faria\AppData\Roaming\MiKTeX\2.9\tex\latex\listings\listing
s.cfg"
File: listings.cfg 2014/09/06 1.5e listings configuration
))
Package: listings 2014/09/06 1.5e (Carsten Heinz)
Package color Info: Redefining color blue on input line 5.
Package color Info: Redefining color cyan on input line 9.
)
("C:\Users\Andressa Faria\Documents\GitHub\tcc\documento\latex\styles/EventFlow
Style.sty"
\c@tablecell=\count173
)
("C:\Users\Andressa Faria\Documents\GitHub\tcc\documento\latex\styles/NuapaStyl
e.sty" ("C:\Program Files (x86)\MiKTeX 2.9\tex\latex\base\inputenc.sty"
Package: inputenc 2008/03/30 v1.1d Input encoding file
\inpenc@prehook=\toks25
\inpenc@posthook=\toks26

("C:\Program Files (x86)\MiKTeX 2.9\tex\latex\base\utf8.def"
File: utf8.def 2008/04/05 v1.1m UTF-8 support for inputenc
Now handling font encoding OML ...
... no UTF-8 mapping file for font encoding OML
Now handling font encoding T1 ...
... processing UTF-8 mapping file for font encoding T1

("C:\Program Files (x86)\MiKTeX 2.9\tex\latex\base\t1enc.dfu"
File: t1enc.dfu 2008/04/05 v1.1m UTF-8 support for inputenc
   defining Unicode char U+00A1 (decimal 161)
   defining Unicode char U+00A3 (decimal 163)
   defining Unicode char U+00AB (decimal 171)
   defining Unicode char U+00BB (decimal 187)
   defining Unicode char U+00BF (decimal 191)
   defining Unicode char U+00C0 (decimal 192)
   defining Unicode char U+00C1 (decimal 193)
   defining Unicode char U+00C2 (decimal 194)
   defining Unicode char U+00C3 (decimal 195)
   defining Unicode char U+00C4 (decimal 196)
   defining Unicode char U+00C5 (decimal 197)
   defining Unicode char U+00C6 (decimal 198)
   defining Unicode char U+00C7 (decimal 199)
   defining Unicode char U+00C8 (decimal 200)
   defining Unicode char U+00C9 (decimal 201)
   defining Unicode char U+00CA (decimal 202)
   defining Unicode char U+00CB (decimal 203)
   defining Unicode char U+00CC (decimal 204)
   defining Unicode char U+00CD (decimal 205)
   defining Unicode char U+00CE (decimal 206)
   defining Unicode char U+00CF (decimal 207)
   defining Unicode char U+00D0 (decimal 208)
   defining Unicode char U+00D1 (decimal 209)
   defining Unicode char U+00D2 (decimal 210)
   defining Unicode char U+00D3 (decimal 211)
   defining Unicode char U+00D4 (decimal 212)
   defining Unicode char U+00D5 (decimal 213)
   defining Unicode char U+00D6 (decimal 214)
   defining Unicode char U+00D8 (decimal 216)
   defining Unicode char U+00D9 (decimal 217)
   defining Unicode char U+00DA (decimal 218)
   defining Unicode char U+00DB (decimal 219)
   defining Unicode char U+00DC (decimal 220)
   defining Unicode char U+00DD (decimal 221)
   defining Unicode char U+00DE (decimal 222)
   defining Unicode char U+00DF (decimal 223)
   defining Unicode char U+00E0 (decimal 224)
   defining Unicode char U+00E1 (decimal 225)
   defining Unicode char U+00E2 (decimal 226)
   defining Unicode char U+00E3 (decimal 227)
   defining Unicode char U+00E4 (decimal 228)
   defining Unicode char U+00E5 (decimal 229)
   defining Unicode char U+00E6 (decimal 230)
   defining Unicode char U+00E7 (decimal 231)
   defining Unicode char U+00E8 (decimal 232)
   defining Unicode char U+00E9 (decimal 233)
   defining Unicode char U+00EA (decimal 234)
   defining Unicode char U+00EB (decimal 235)
   defining Unicode char U+00EC (decimal 236)
   defining Unicode char U+00ED (decimal 237)
   defining Unicode char U+00EE (decimal 238)
   defining Unicode char U+00EF (decimal 239)
   defining Unicode char U+00F0 (decimal 240)
   defining Unicode char U+00F1 (decimal 241)
   defining Unicode char U+00F2 (decimal 242)
   defining Unicode char U+00F3 (decimal 243)
   defining Unicode char U+00F4 (decimal 244)
   defining Unicode char U+00F5 (decimal 245)
   defining Unicode char U+00F6 (decimal 246)
   defining Unicode char U+00F8 (decimal 248)
   defining Unicode char U+00F9 (decimal 249)
   defining Unicode char U+00FA (decimal 250)
   defining Unicode char U+00FB (decimal 251)
   defining Unicode char U+00FC (decimal 252)
   defining Unicode char U+00FD (decimal 253)
   defining Unicode char U+00FE (decimal 254)
   defining Unicode char U+00FF (decimal 255)
   defining Unicode char U+0102 (decimal 258)
   defining Unicode char U+0103 (decimal 259)
   defining Unicode char U+0104 (decimal 260)
   defining Unicode char U+0105 (decimal 261)
   defining Unicode char U+0106 (decimal 262)
   defining Unicode char U+0107 (decimal 263)
   defining Unicode char U+010C (decimal 268)
   defining Unicode char U+010D (decimal 269)
   defining Unicode char U+010E (decimal 270)
   defining Unicode char U+010F (decimal 271)
   defining Unicode char U+0110 (decimal 272)
   defining Unicode char U+0111 (decimal 273)
   defining Unicode char U+0118 (decimal 280)
   defining Unicode char U+0119 (decimal 281)
   defining Unicode char U+011A (decimal 282)
   defining Unicode char U+011B (decimal 283)
   defining Unicode char U+011E (decimal 286)
   defining Unicode char U+011F (decimal 287)
   defining Unicode char U+0130 (decimal 304)
   defining Unicode char U+0131 (decimal 305)
   defining Unicode char U+0132 (decimal 306)
   defining Unicode char U+0133 (decimal 307)
   defining Unicode char U+0139 (decimal 313)
   defining Unicode char U+013A (decimal 314)
   defining Unicode char U+013D (decimal 317)
   defining Unicode char U+013E (decimal 318)
   defining Unicode char U+0141 (decimal 321)
   defining Unicode char U+0142 (decimal 322)
   defining Unicode char U+0143 (decimal 323)
   defining Unicode char U+0144 (decimal 324)
   defining Unicode char U+0147 (decimal 327)
   defining Unicode char U+0148 (decimal 328)
   defining Unicode char U+014A (decimal 330)
   defining Unicode char U+014B (decimal 331)
   defining Unicode char U+0150 (decimal 336)
   defining Unicode char U+0151 (decimal 337)
   defining Unicode char U+0152 (decimal 338)
   defining Unicode char U+0153 (decimal 339)
   defining Unicode char U+0154 (decimal 340)
   defining Unicode char U+0155 (decimal 341)
   defining Unicode char U+0158 (decimal 344)
   defining Unicode char U+0159 (decimal 345)
   defining Unicode char U+015A (decimal 346)
   defining Unicode char U+015B (decimal 347)
   defining Unicode char U+015E (decimal 350)
   defining Unicode char U+015F (decimal 351)
   defining Unicode char U+0160 (decimal 352)
   defining Unicode char U+0161 (decimal 353)
   defining Unicode char U+0162 (decimal 354)
   defining Unicode char U+0163 (decimal 355)
   defining Unicode char U+0164 (decimal 356)
   defining Unicode char U+0165 (decimal 357)
   defining Unicode char U+016E (decimal 366)
   defining Unicode char U+016F (decimal 367)
   defining Unicode char U+0170 (decimal 368)
   defining Unicode char U+0171 (decimal 369)
   defining Unicode char U+0178 (decimal 376)
   defining Unicode char U+0179 (decimal 377)
   defining Unicode char U+017A (decimal 378)
   defining Unicode char U+017B (decimal 379)
   defining Unicode char U+017C (decimal 380)
   defining Unicode char U+017D (decimal 381)
   defining Unicode char U+017E (decimal 382)
   defining Unicode char U+200C (decimal 8204)
   defining Unicode char U+2013 (decimal 8211)
   defining Unicode char U+2014 (decimal 8212)
   defining Unicode char U+2018 (decimal 8216)
   defining Unicode char U+2019 (decimal 8217)
   defining Unicode char U+201A (decimal 8218)
   defining Unicode char U+201C (decimal 8220)
   defining Unicode char U+201D (decimal 8221)
   defining Unicode char U+201E (decimal 8222)
   defining Unicode char U+2030 (decimal 8240)
   defining Unicode char U+2031 (decimal 8241)
   defining Unicode char U+2039 (decimal 8249)
   defining Unicode char U+203A (decimal 8250)
   defining Unicode char U+2423 (decimal 9251)
)
Now handling font encoding OT1 ...
... processing UTF-8 mapping file for font encoding OT1

("C:\Program Files (x86)\MiKTeX 2.9\tex\latex\base\ot1enc.dfu"
File: ot1enc.dfu 2008/04/05 v1.1m UTF-8 support for inputenc
   defining Unicode char U+00A1 (decimal 161)
   defining Unicode char U+00A3 (decimal 163)
   defining Unicode char U+00B8 (decimal 184)
   defining Unicode char U+00BF (decimal 191)
   defining Unicode char U+00C5 (decimal 197)
   defining Unicode char U+00C6 (decimal 198)
   defining Unicode char U+00D8 (decimal 216)
   defining Unicode char U+00DF (decimal 223)
   defining Unicode char U+00E6 (decimal 230)
   defining Unicode char U+00EC (decimal 236)
   defining Unicode char U+00ED (decimal 237)
   defining Unicode char U+00EE (decimal 238)
   defining Unicode char U+00EF (decimal 239)
   defining Unicode char U+00F8 (decimal 248)
   defining Unicode char U+0131 (decimal 305)
   defining Unicode char U+0141 (decimal 321)
   defining Unicode char U+0142 (decimal 322)
   defining Unicode char U+0152 (decimal 338)
   defining Unicode char U+0153 (decimal 339)
   defining Unicode char U+2013 (decimal 8211)
   defining Unicode char U+2014 (decimal 8212)
   defining Unicode char U+2018 (decimal 8216)
   defining Unicode char U+2019 (decimal 8217)
   defining Unicode char U+201C (decimal 8220)
   defining Unicode char U+201D (decimal 8221)
)
Now handling font encoding OMS ...
... processing UTF-8 mapping file for font encoding OMS

("C:\Program Files (x86)\MiKTeX 2.9\tex\latex\base\omsenc.dfu"
File: omsenc.dfu 2008/04/05 v1.1m UTF-8 support for inputenc
   defining Unicode char U+00A7 (decimal 167)
   defining Unicode char U+00B6 (decimal 182)
   defining Unicode char U+00B7 (decimal 183)
   defining Unicode char U+2020 (decimal 8224)
   defining Unicode char U+2021 (decimal 8225)
   defining Unicode char U+2022 (decimal 8226)
)
Now handling font encoding OMX ...
... no UTF-8 mapping file for font encoding OMX
Now handling font encoding U ...
... no UTF-8 mapping file for font encoding U
Now handling font encoding PD1 ...
... no UTF-8 mapping file for font encoding PD1
   defining Unicode char U+00A9 (decimal 169)
   defining Unicode char U+00AA (decimal 170)
   defining Unicode char U+00AE (decimal 174)
   defining Unicode char U+00BA (decimal 186)
   defining Unicode char U+02C6 (decimal 710)
   defining Unicode char U+02DC (decimal 732)
   defining Unicode char U+200C (decimal 8204)
   defining Unicode char U+2026 (decimal 8230)
   defining Unicode char U+2122 (decimal 8482)
   defining Unicode char U+2423 (decimal 9251)
))
("C:\Program Files (x86)\MiKTeX 2.9\tex\latex\base\fontenc.sty"
Package: fontenc 2005/09/27 v1.99g Standard LaTeX package

("C:\Program Files (x86)\MiKTeX 2.9\tex\latex\base\t1enc.def"
File: t1enc.def 2005/09/27 v1.99g Standard LaTeX file
LaTeX Font Info:    Redeclaring font encoding T1 on input line 43.
))
("C:\Users\Andressa Faria\AppData\Roaming\MiKTeX\2.9\tex\latex\abntex2\abntex2c
ite.sty"
Package: abntex2cite 2015/04/28 v1.9.5 abnTeX2

("C:\Users\Andressa Faria\AppData\Roaming\MiKTeX\2.9\tex\latex\abntex2\abntex2a
brev.sty")
\minimumbiblabelwidth=\skip196
\ABCIauxlen=\skip197
\c@ABCIaux=\count174
\c@ABCImax=\count175
 ("C:\Program Files (x86)\MiKTeX 2.9\tex\latex\ltxmisc\relsize.sty"
Package: relsize 2003/07/04 ver 3.1
)
\biblabelsep=\skip198
LaTeX Info: Redefining \newblock on input line 591.
LaTeX Info: Redefining \cite on input line 618.
\ABCItoken=\toks27
) ("C:\Program Files (x86)\MiKTeX 2.9\tex\latex\graphics\graphicx.sty"
Package: graphicx 1999/02/16 v1.0f Enhanced LaTeX Graphics (DPC,SPQR)

("C:\Program Files (x86)\MiKTeX 2.9\tex\latex\graphics\graphics.sty"
Package: graphics 2009/02/05 v1.0o Standard LaTeX Graphics (DPC,SPQR)

("C:\Program Files (x86)\MiKTeX 2.9\tex\latex\graphics\trig.sty"
Package: trig 1999/03/16 v1.09 sin cos tan (DPC)
)
("C:\Program Files (x86)\MiKTeX 2.9\tex\latex\00miktex\graphics.cfg"
File: graphics.cfg 2007/01/18 v1.5 graphics configuration of teTeX/TeXLive
)
Package graphics Info: Driver file: pdftex.def on input line 91.
)
\Gin@req@height=\dimen159
\Gin@req@width=\dimen160
)
("C:\Program Files (x86)\MiKTeX 2.9\tex\latex\geometry\geometry.sty"
Package: geometry 2010/09/12 v5.6 Page Geometry
\Gm@cnth=\count176
\Gm@cntv=\count177
\c@Gm@tempcnt=\count178
\Gm@bindingoffset=\dimen161
\Gm@wd@mp=\dimen162
\Gm@odd@mp=\dimen163
\Gm@even@mp=\dimen164
\Gm@layoutwidth=\dimen165
\Gm@layoutheight=\dimen166
\Gm@layouthoffset=\dimen167
\Gm@layoutvoffset=\dimen168
\Gm@dimlist=\toks28

("C:\Program Files (x86)\MiKTeX 2.9\tex\latex\geometry\geometry.cfg"))
("C:\Program Files (x86)\MiKTeX 2.9\tex\latex\lm\lmodern.sty"
Package: lmodern 2009/10/30 v1.6 Latin Modern Fonts
LaTeX Font Info:    Overwriting symbol font `operators' in version `normal'
(Font)                  OT1/cmr/m/n --> OT1/lmr/m/n on input line 22.
LaTeX Font Info:    Overwriting symbol font `letters' in version `normal'
(Font)                  OML/cmm/m/it --> OML/lmm/m/it on input line 23.
LaTeX Font Info:    Overwriting symbol font `symbols' in version `normal'
(Font)                  OMS/cmsy/m/n --> OMS/lmsy/m/n on input line 24.
LaTeX Font Info:    Overwriting symbol font `largesymbols' in version `normal'
(Font)                  OMX/cmex/m/n --> OMX/lmex/m/n on input line 25.
LaTeX Font Info:    Overwriting symbol font `operators' in version `bold'
(Font)                  OT1/cmr/bx/n --> OT1/lmr/bx/n on input line 26.
LaTeX Font Info:    Overwriting symbol font `letters' in version `bold'
(Font)                  OML/cmm/b/it --> OML/lmm/b/it on input line 27.
LaTeX Font Info:    Overwriting symbol font `symbols' in version `bold'
(Font)                  OMS/cmsy/b/n --> OMS/lmsy/b/n on input line 28.
LaTeX Font Info:    Overwriting symbol font `largesymbols' in version `bold'
(Font)                  OMX/cmex/m/n --> OMX/lmex/m/n on input line 29.
LaTeX Font Info:    Overwriting math alphabet `\mathbf' in version `normal'
(Font)                  OT1/cmr/bx/n --> OT1/lmr/bx/n on input line 31.
LaTeX Font Info:    Overwriting math alphabet `\mathsf' in version `normal'
(Font)                  OT1/cmss/m/n --> OT1/lmss/m/n on input line 32.
LaTeX Font Info:    Overwriting math alphabet `\mathit' in version `normal'
(Font)                  OT1/cmr/m/it --> OT1/lmr/m/it on input line 33.
LaTeX Font Info:    Overwriting math alphabet `\mathtt' in version `normal'
(Font)                  OT1/cmtt/m/n --> OT1/lmtt/m/n on input line 34.
LaTeX Font Info:    Overwriting math alphabet `\mathbf' in version `bold'
(Font)                  OT1/cmr/bx/n --> OT1/lmr/bx/n on input line 35.
LaTeX Font Info:    Overwriting math alphabet `\mathsf' in version `bold'
(Font)                  OT1/cmss/bx/n --> OT1/lmss/bx/n on input line 36.
LaTeX Font Info:    Overwriting math alphabet `\mathit' in version `bold'
(Font)                  OT1/cmr/bx/it --> OT1/lmr/bx/it on input line 37.
LaTeX Font Info:    Overwriting math alphabet `\mathtt' in version `bold'
(Font)                  OT1/cmtt/m/n --> OT1/lmtt/m/n on input line 38.
)
("C:\Program Files (x86)\MiKTeX 2.9\tex\latex\multirow\multirow.sty"
\bigstrutjot=\dimen169
)
("C:\Users\Andressa Faria\AppData\Roaming\MiKTeX\2.9\tex\latex\lastpage\lastpag
e.sty"

LaTeX Warning: You have requested release `2014/05/01' of LaTeX,
               but only release `2011/06/27' is available.

Package: lastpage 2015/03/29 v1.2m Refers to last page's name (HMM; JPG)
)

Class memoir Warning: You are using the caption package with the memoir class. 
To prepare we will now reset all captioning macros and configurations to kernel
 defaults, and then let the caption package take over. Please remember to use t
he caption package interfaces in order to configure your captions. .


("C:\Users\Andressa Faria\AppData\Roaming\MiKTeX\2.9\tex\latex\caption\caption.
sty"
Package: caption 2013/05/02 v3.3-89 Customizing captions (AR)

("C:\Users\Andressa Faria\AppData\Roaming\MiKTeX\2.9\tex\latex\caption\caption3
.sty"
Package: caption3 2013/05/02 v1.6-88 caption3 kernel (AR)
Package caption3 Info: TeX engine: e-TeX on input line 57.
\captionmargin=\dimen170
\captionmargin@=\dimen171
\captionwidth=\dimen172
\caption@tempdima=\dimen173
\caption@indent=\dimen174
\caption@parindent=\dimen175
\caption@hangindent=\dimen176
)
\c@ContinuedFloat=\count179
Package caption Info: hyperref package is loaded.
Package caption Info: listings package is loaded.
) ("C:\Program Files (x86)\MiKTeX 2.9\tex\latex\tools\indentfirst.sty"
Package: indentfirst 1995/11/23 v1.03 Indent first paragraph (DPC)
)
("C:\Users\Andressa Faria\AppData\Roaming\MiKTeX\2.9\tex\latex\titlesec\titlese
c.sty"
Package: titlesec 2011/12/15 v2.10.0 Sectioning titles
\ttl@box=\box32
\beforetitleunit=\skip199
\aftertitleunit=\skip200
\ttl@plus=\dimen177
\ttl@minus=\dimen178
\ttl@toksa=\toks29
\titlewidth=\dimen179
\titlewidthlast=\dimen180
\titlewidthfirst=\dimen181
)
\c@loqdepth=\count180
\c@quadro=\count181
\cftbeforequadroskip=\skip201
\cftquadroindent=\skip202
\cftquadronumwidth=\skip203

("C:\Users\Andressa Faria\Documents\GitHub\tcc\documento\latex\editaveis/00_Dad
os.tex")
Package hyperref Info: Option `colorlinks' set `true' on input line 326.

("C:\Users\Andressa Faria\AppData\Roaming\MiKTeX\2.9\tex\latex\ms\ragged2e.sty"
Package: ragged2e 2009/05/21 v2.1 ragged2e Package (MS)
("C:\Users\Andressa Faria\AppData\Roaming\MiKTeX\2.9\tex\latex\ms\everysel.sty"
Package: everysel 2011/10/28 v1.2 EverySelectfont Package (MS)
)
\CenteringLeftskip=\skip204
\RaggedLeftLeftskip=\skip205
\RaggedRightLeftskip=\skip206
\CenteringRightskip=\skip207
\RaggedLeftRightskip=\skip208
\RaggedRightRightskip=\skip209
\CenteringParfillskip=\skip210
\RaggedLeftParfillskip=\skip211
\RaggedRightParfillskip=\skip212
\JustifyingParfillskip=\skip213
\CenteringParindent=\skip214
\RaggedLeftParindent=\skip215
\RaggedRightParindent=\skip216
\JustifyingParindent=\skip217
))
("C:\Users\Andressa Faria\AppData\Roaming\MiKTeX\2.9\tex\latex\xcolor\xcolor.st
y"
Package: xcolor 2007/01/21 v2.11 LaTeX color extensions (UK)
 ("C:\Program Files (x86)\MiKTeX 2.9\tex\latex\00miktex\color.cfg"
File: color.cfg 2007/01/18 v1.5 color configuration of teTeX/TeXLive
)
Package xcolor Info: Driver file: pdftex.def on input line 225.

("C:\Users\Andressa Faria\AppData\Roaming\MiKTeX\2.9\tex\latex\colortbl\colortb
l.sty"
Package: colortbl 2012/02/13 v1.0a Color table columns (DPC)
\everycr=\toks30
\minrowclearance=\skip218
)
LaTeX Info: Redefining \color on input line 702.
\rownum=\count182
Package xcolor Info: Model `cmy' substituted by `cmy0' on input line 1337.
Package xcolor Info: Model `hsb' substituted by `rgb' on input line 1341.
Package xcolor Info: Model `RGB' extended on input line 1353.
Package xcolor Info: Model `HTML' substituted by `rgb' on input line 1355.
Package xcolor Info: Model `Hsb' substituted by `hsb' on input line 1356.
Package xcolor Info: Model `tHsb' substituted by `hsb' on input line 1357.
Package xcolor Info: Model `HSB' substituted by `hsb' on input line 1358.
Package xcolor Info: Model `Gray' substituted by `gray' on input line 1359.
Package xcolor Info: Model `wave' substituted by `hsb' on input line 1360.
)
("C:\Users\Andressa Faria\Documents\GitHub\tcc\documento\latex\Principal.aux"
("C:\Users\Andressa Faria\Documents\GitHub\tcc\documento\latex\fixos/01_Capa.au
x"))
LaTeX Font Info:    Checking defaults for OML/cmm/m/it on input line 14.
LaTeX Font Info:    ... okay on input line 14.
LaTeX Font Info:    Checking defaults for T1/cmr/m/n on input line 14.
LaTeX Font Info:    ... okay on input line 14.
LaTeX Font Info:    Checking defaults for OT1/cmr/m/n on input line 14.
LaTeX Font Info:    ... okay on input line 14.
LaTeX Font Info:    Checking defaults for OMS/cmsy/m/n on input line 14.
LaTeX Font Info:    ... okay on input line 14.
LaTeX Font Info:    Checking defaults for OMX/cmex/m/n on input line 14.
LaTeX Font Info:    ... okay on input line 14.
LaTeX Font Info:    Checking defaults for U/cmr/m/n on input line 14.
LaTeX Font Info:    ... okay on input line 14.
LaTeX Font Info:    Checking defaults for PD1/pdf/m/n on input line 14.
LaTeX Font Info:    ... okay on input line 14.
LaTeX Font Info:    Try loading font information for T1+ptm on input line 14.
 ("C:\Program Files (x86)\MiKTeX 2.9\tex\latex\psnfss\t1ptm.fd"
File: t1ptm.fd 2001/06/04 font definitions for T1/ptm.
)
\AtBeginShipoutBox=\box33
Package hyperref Info: Link coloring ON on input line 14.

("C:\Program Files (x86)\MiKTeX 2.9\tex\latex\hyperref\nameref.sty"
Package: nameref 2012/10/27 v2.43 Cross-referencing by name of section

("C:\Program Files (x86)\MiKTeX 2.9\tex\generic\oberdiek\gettitlestring.sty"
Package: gettitlestring 2010/12/03 v1.4 Cleanup title references (HO)
)
\c@section@level=\count183
)
Redoing nameref's sectioning
Redoing nameref's label
LaTeX Info: Redefining \nameref on input line 14.
LaTeX Info: Redefining \ref on input line 14.
LaTeX Info: Redefining \pageref on input line 14.
LaTeX Info: Redefining \nameref on input line 14.
\myptabbox=\box34
\myptabboxwidth=\skip219

("C:\Users\Andressa Faria\AppData\Roaming\MiKTeX\2.9\tex\context\base\supp-pdf.
mkii"
[Loading MPS to PDF converter (version 2006.09.02).]
\scratchcounter=\count184
\scratchdimen=\dimen182
\scratchbox=\box35
\nofMPsegments=\count185
\nofMParguments=\count186
\everyMPshowfont=\toks31
\MPscratchCnt=\count187
\MPscratchDim=\dimen183
\MPnumerator=\count188
\makeMPintoPDFobject=\count189
\everyMPtoPDFconversion=\toks32
)
\c@lstlisting=\count190

*geometry* detected driver: pdftex
*geometry* verbose mode - [ preamble ] result:
* driver: pdftex
* paper: a4paper
* layout: <same size as paper>
* layoutoffset:(h,v)=(0.0pt,0.0pt)
* modes: 
* h-part:(L,W,R)=(85.35826pt, 455.24411pt, 56.9055pt)
* v-part:(T,H,B)=(85.35826pt, 702.78308pt, 56.9055pt)
* \paperwidth=597.50787pt
* \paperheight=845.04684pt
* \textwidth=455.24411pt
* \textheight=702.78308pt
* \oddsidemargin=13.08827pt
* \evensidemargin=13.08827pt
* \topmargin=-21.28552pt
* \headheight=14.5pt
* \headsep=19.8738pt
* \topskip=12.0pt
* \footskip=30.0pt
* \marginparwidth=42.9055pt
* \marginparsep=7.0pt
* \columnsep=10.0pt
* \skip\footins=12.0pt plus 4.0pt minus 4.0pt
* \hoffset=0.0pt
* \voffset=0.0pt
* \mag=1000
* \@twocolumnfalse
* \@twosidefalse
* \@mparswitchfalse
* \@reversemarginfalse
* (1in=72.27pt=25.4mm, 1cm=28.453pt)

Package lastpage Info: Please have a look at the pageslts package at
(lastpage)             https://www.ctan.org/pkg/pageslts
(lastpage)             ! on input line 14.
Package caption Info: Begin \AtBeginDocument code.
Package caption Info: End \AtBeginDocument code.
ABD: EverySelectfont initializing macros
LaTeX Info: Redefining \selectfont on input line 14.

("C:\Users\Andressa Faria\Documents\GitHub\tcc\documento\latex\fixos/01_Capa.te
x"
LaTeX Font Info:    Font shape `T1/ptm/bx/n' in size <12> not available
(Font)              Font shape `T1/ptm/b/n' tried instead on input line 36.
LaTeX Font Info:    Font shape `T1/ptm/bx/n' in size <17.28> not available
(Font)              Font shape `T1/ptm/b/n' tried instead on input line 36.
LaTeX Font Info:    Try loading font information for OT1+lmr on input line 36.
 ("C:\Program Files (x86)\MiKTeX 2.9\tex\latex\lm\ot1lmr.fd"
File: ot1lmr.fd 2009/10/30 v1.6 Font defs for Latin Modern
)
LaTeX Font Info:    Try loading font information for OML+lmm on input line 36.

("C:\Program Files (x86)\MiKTeX 2.9\tex\latex\lm\omllmm.fd"
File: omllmm.fd 2009/10/30 v1.6 Font defs for Latin Modern
)
LaTeX Font Info:    Try loading font information for OMS+lmsy on input line 36.


("C:\Program Files (x86)\MiKTeX 2.9\tex\latex\lm\omslmsy.fd"
File: omslmsy.fd 2009/10/30 v1.6 Font defs for Latin Modern
)
LaTeX Font Info:    Try loading font information for OMX+lmex on input line 36.


("C:\Program Files (x86)\MiKTeX 2.9\tex\latex\lm\omxlmex.fd"
File: omxlmex.fd 2009/10/30 v1.6 Font defs for Latin Modern
)
LaTeX Font Info:    External font `lmex10' loaded for size
(Font)              <12> on input line 36.
LaTeX Font Info:    External font `lmex10' loaded for size
(Font)              <8> on input line 36.
LaTeX Font Info:    External font `lmex10' loaded for size
(Font)              <6> on input line 36.
LaTeX Font Info:    Font shape `T1/ptm/bx/n' in size <14.4> not available
(Font)              Font shape `T1/ptm/b/n' tried instead on input line 36.
 [1


{C:/Users/Andressa Faria/AppData/Local/MiKTeX/2.9/pdftex/config/pdftex.map}])
("C:\Users\Andressa Faria\Documents\GitHub\tcc\documento\latex\fixos/02_FolhaRo
sto.tex"pdfTeX warning (ext4): destination with the same identifier (name{page.
1}) has been already used, duplicate ignored
<to be read again> 
                   \relax 
l.35 \imprimirfolhaderosto*{}
                              [1




])
("C:\Users\Andressa Faria\Documents\GitHub\tcc\documento\latex\fixos/03_FichaCa
talografica.tex"
Underfull \hbox (badness 10000) in paragraph at lines 24--24

 []


Underfull \hbox (badness 10000) in paragraph at lines 24--24

 []


Underfull \hbox (badness 10000) in paragraph at lines 24--24

 []


Underfull \hbox (badness 10000) in paragraph at lines 24--24

 []

[2])
("C:\Users\Andressa Faria\Documents\GitHub\tcc\documento\latex\fixos/04_FolhaAp
rovacao.tex"
Underfull \hbox (badness 10000) in paragraph at lines 15--16

 []

[3

])
("C:\Users\Andressa Faria\Documents\GitHub\tcc\documento\latex\editaveis/05_Ded
icatoria.tex" [4

])
("C:\Users\Andressa Faria\Documents\GitHub\tcc\documento\latex\editaveis/06_Agr
adecimentos.tex"
Underfull \hbox (badness 10000) in paragraph at lines 3--6

 []


Underfull \hbox (badness 10000) in paragraph at lines 9--12

 []

[5


])
("C:\Users\Andressa Faria\Documents\GitHub\tcc\documento\latex\editaveis/07_Epi
grafe.tex" [6

])
("C:\Users\Andressa Faria\Documents\GitHub\tcc\documento\latex\editaveis/08_Res
umo.tex" [7

])
("C:\Users\Andressa Faria\Documents\GitHub\tcc\documento\latex\editaveis/09_Abs
tract.tex" [8

])
("C:\Users\Andressa Faria\Documents\GitHub\tcc\documento\latex\fixos/0A_ListasA
utomaticas.tex"
("C:\Users\Andressa Faria\Documents\GitHub\tcc\documento\latex\Principal.lof"
[9

]) [10]
("C:\Users\Andressa Faria\Documents\GitHub\tcc\documento\latex\Principal.loq")
[11

])
("C:\Users\Andressa Faria\Documents\GitHub\tcc\documento\latex\editaveis/0B_Sig
las.tex" [12


])
("C:\Users\Andressa Faria\Documents\GitHub\tcc\documento\latex\fixos/0C_Sumario
.tex"
("C:\Users\Andressa Faria\Documents\GitHub\tcc\documento\latex\Principal.toc")
[13

])
("C:\Users\Andressa Faria\Documents\GitHub\tcc\documento\latex\editaveis/10_Int
roducao.tex"
LaTeX Font Info:    External font `lmex10' loaded for size
(Font)              <10> on input line 26.
LaTeX Font Info:    External font `lmex10' loaded for size
(Font)              <7> on input line 26.
LaTeX Font Info:    External font `lmex10' loaded for size
(Font)              <5> on input line 26.
 [14

])
("C:\Users\Andressa Faria\Documents\GitHub\tcc\documento\latex\editaveis/11_Qua
droTeorico.tex" [15]
("C:\Users\Andressa Faria\Documents\GitHub\tcc\documento\latex\editaveis/quadro
_teorico/iconix.tex"
<./imagens/visao_geral_iconix.png, id=276, 402.7848pt x 240.9pt>
File: ./imagens/visao_geral_iconix.png Graphic file (type png)

<use ./imagens/visao_geral_iconix.png>
Package pdftex.def Info: ./imagens/visao_geral_iconix.png used on input line 18
.
(pdftex.def)             Requested size: 382.64339pt x 228.85368pt.
LaTeX Font Info:    Font shape `T1/ptm/bx/n' in size <10> not available
(Font)              Font shape `T1/ptm/b/n' tried instead on input line 20.


LaTeX Warning: `!h' float specifier changed to `!ht'.

[16

] [17 <C:/Users/Andressa Faria/Documents/GitHub/tcc/documento/latex/imagens/vis
ao_geral_iconix.png>]
Overfull \hbox (41.32205pt too wide) in paragraph at lines 43--44
[]\T1/ptm/m/n/12 Na fase de-no-mi-nada pro-jeto de-ta-lhado deve-se ela-bo-rar 
o di-a-grama de sequên-cia fundamentando-
 []

)
("C:\Users\Andressa Faria\Documents\GitHub\tcc\documento\latex\editaveis/quadro
_teorico/teoria_grafos.tex" [18]
<./imagens/Konigsberg_7_bridges.jpg, id=306, 501.875pt x 401.5pt>
File: ./imagens/Konigsberg_7_bridges.jpg Graphic file (type jpg)

<use ./imagens/Konigsberg_7_bridges.jpg>
Package pdftex.def Info: ./imagens/Konigsberg_7_bridges.jpg used on input line 
9.
(pdftex.def)             Requested size: 364.2138pt x 182.72566pt.
 [19 <C:/Users/Andressa Faria/Documents/GitHub/tcc/documento/latex/imagens/Koni
gsberg_7_bridges.jpg>]
<./imagens/simple_graph.png, id=330, 400.49625pt x 194.7275pt>
File: ./imagens/simple_graph.png Graphic file (type png)

<use ./imagens/simple_graph.png>
Package pdftex.def Info: ./imagens/simple_graph.png used on input line 34.
(pdftex.def)             Requested size: 308.38306pt x 149.94061pt.

<./imagens/multigraph_example.png, id=338, 246.9225pt x 178.6675pt>
File: ./imagens/multigraph_example.png Graphic file (type png)

<use ./imagens/multigraph_example.png>
Package pdftex.def Info: ./imagens/multigraph_example.png used on input line 47
.
(pdftex.def)             Requested size: 222.22818pt x 160.79926pt.


LaTeX Warning: `!h' float specifier changed to `!ht'.

[20 <C:/Users/Andressa Faria/Documents/GitHub/tcc/documento/latex/imagens/simpl
e_graph.png>]
<./imagens/simple_digraph_graph.png, id=355, 256.96pt x 256.96pt>
File: ./imagens/simple_digraph_graph.png Graphic file (type png)

<use ./imagens/simple_digraph_graph.png>
Package pdftex.def Info: ./imagens/simple_digraph_graph.png used on input line 
60.
(pdftex.def)             Requested size: 154.17719pt x 154.17719pt.
LaTeX Font Info:    Try loading font information for OMS+ptm on input line 69.

("C:\Program Files (x86)\MiKTeX 2.9\tex\latex\psnfss\omsptm.fd"
File: omsptm.fd 
)
LaTeX Font Info:    Font shape `OMS/ptm/m/n' in size <12> not available
(Font)              Font shape `OMS/cmsy/m/n' tried instead on input line 69.

<./imagens/grafos_isomorficos.png, id=365, 264.99pt x 107.40125pt>
File: ./imagens/grafos_isomorficos.png Graphic file (type png)

<use ./imagens/grafos_isomorficos.png>
Package pdftex.def Info: ./imagens/grafos_isomorficos.png used on input line 78
.
(pdftex.def)             Requested size: 264.98935pt x 107.40097pt.


LaTeX Warning: `!h' float specifier changed to `!ht'.

[21 <C:/Users/Andressa Faria/Documents/GitHub/tcc/documento/latex/imagens/multi
graph_example.png> <C:/Users/Andressa Faria/Documents/GitHub/tcc/documento/late
x/imagens/simple_digraph_graph.png>]
<./imagens/matriz_adjacencia.png, id=380, 230.8625pt x 168.63pt>
File: ./imagens/matriz_adjacencia.png Graphic file (type png)

<use ./imagens/matriz_adjacencia.png>
Package pdftex.def Info: ./imagens/matriz_adjacencia.png used on input line 97.

(pdftex.def)             Requested size: 161.60263pt x 118.04018pt.
) [22 <C:/Users/Andressa Faria/Documents/GitHub/tcc/documento/latex/imagens/gra
fos_isomorficos.png> <C:/Users/Andressa Faria/Documents/GitHub/tcc/documento/la
tex/imagens/matriz_adjacencia.png>]
("C:\Users\Andressa Faria\Documents\GitHub\tcc\documento\latex\editaveis/quadro
_teorico/banco_dados.tex")
("C:\Users\Andressa Faria\Documents\GitHub\tcc\documento\latex\editaveis/quadro
_teorico/banco_dados_relacionais.tex" [23])
("C:\Users\Andressa Faria\Documents\GitHub\tcc\documento\latex\editaveis/quadro
_teorico/banco_dados_nosql.tex" [24])
("C:\Users\Andressa Faria\Documents\GitHub\tcc\documento\latex\editaveis/quadro
_teorico/neo4j.tex" [25]
<./imagens/simple_graph_neo4j.png, id=444, 374.39874pt x 187.70125pt>
File: ./imagens/simple_graph_neo4j.png Graphic file (type png)

<use ./imagens/simple_graph_neo4j.png>
Package pdftex.def Info: ./imagens/simple_graph_neo4j.png used on input line 31
.
(pdftex.def)             Requested size: 299.5194pt x 150.1612pt.


LaTeX Warning: `!h' float specifier changed to `!ht'.

[26])
("C:\Users\Andressa Faria\Documents\GitHub\tcc\documento\latex\editaveis/quadro
_teorico/cypher.tex" [27 <C:/Users/Andressa Faria/Documents/GitHub/tcc/document
o/latex/imagens/simple_graph_neo4j.png>])
("C:\Users\Andressa Faria\Documents\GitHub\tcc\documento\latex\editaveis/quadro
_teorico/java.tex" [28] [29]
LaTeX Font Info:    Try loading font information for T1+lmtt on input line 21.

("C:\Program Files (x86)\MiKTeX 2.9\tex\latex\lm\t1lmtt.fd"
File: t1lmtt.fd 2009/10/30 v1.6 Font defs for Latin Modern
)
<./imagens/processo_compilacao_java.png, id=501, 297.7524pt x 81.4242pt>
File: ./imagens/processo_compilacao_java.png Graphic file (type png)

<use ./imagens/processo_compilacao_java.png>
Package pdftex.def Info: ./imagens/processo_compilacao_java.png used on input l
ine 25.
(pdftex.def)             Requested size: 297.75166pt x 81.424pt.
)
("C:\Users\Andressa Faria\Documents\GitHub\tcc\documento\latex\editaveis/quadro
_teorico/tomcat.tex" [30 <C:/Users/Andressa Faria/Documents/GitHub/tcc/document
o/latex/imagens/processo_compilacao_java.png>])
("C:\Users\Andressa Faria\Documents\GitHub\tcc\documento\latex\editaveis/quadro
_teorico/webservice_rest.tex" [31]
Overfull \hbox (5.16287pt too wide) in paragraph at lines 29--30
[]\T1/ptm/m/n/12 trabalha com -\T1/ptm/m/it/12 Extensible Mar-kup Lan-guage \T1
/ptm/m/n/12 - XML[], \T1/ptm/m/it/12 Ja-vas-cript Ob-ject No-ta-tion \T1/ptm/m/
n/12 - JSON[]
 []

)
("C:\Users\Andressa Faria\Documents\GitHub\tcc\documento\latex\editaveis/quadro
_teorico/html5.tex" [32])
("C:\Users\Andressa Faria\Documents\GitHub\tcc\documento\latex\editaveis/quadro
_teorico/css3.tex" [33]
LaTeX Font Info:    Font shape `T1/ptm/bx/it' in size <12> not available
(Font)              Font shape `T1/ptm/b/it' tried instead on input line 18.

<./imagens/example_css_inline.png, id=584, 488.82625pt x 149.55875pt>
File: ./imagens/example_css_inline.png Graphic file (type png)

<use ./imagens/example_css_inline.png>
Package pdftex.def Info: ./imagens/example_css_inline.png used on input line 21
.
(pdftex.def)             Requested size: 391.06152pt x 119.64716pt.

<./imagens/example_css_incorpored.png, id=586, 609.27625pt x 219.82124pt>
File: ./imagens/example_css_incorpored.png Graphic file (type png)

<use ./imagens/example_css_incorpored.png>
Package pdftex.def Info: ./imagens/example_css_incorpored.png used on input lin
e 30.
(pdftex.def)             Requested size: 487.42165pt x 175.85722pt.


LaTeX Warning: `!h' float specifier changed to `!ht'.

[34 <C:/Users/Andressa Faria/Documents/GitHub/tcc/documento/latex/imagens/examp
le_css_inline.png>]
<./imagens/example_external_css.png, id=594, 544.0325pt x 169.63374pt>
File: ./imagens/example_external_css.png Graphic file (type png)

<use ./imagens/example_external_css.png>
Package pdftex.def Info: ./imagens/example_external_css.png used on input line 
40.
(pdftex.def)             Requested size: 435.2266pt x 135.70717pt.
)
("C:\Users\Andressa Faria\Documents\GitHub\tcc\documento\latex\editaveis/quadro
_teorico/javascript.tex" [35 <C:/Users/Andressa Faria/Documents/GitHub/tcc/docu
mento/latex/imagens/example_css_incorpored.png> <C:/Users/Andressa Faria/Docume
nts/GitHub/tcc/documento/latex/imagens/example_external_css.png>]
<./imagens/javascript_code.png, id=613, 517.935pt x 169.63374pt>
File: ./imagens/javascript_code.png Graphic file (type png)

<use ./imagens/javascript_code.png>
Package pdftex.def Info: ./imagens/javascript_code.png used on input line 14.
(pdftex.def)             Requested size: 414.34854pt x 135.70717pt.

<./imagens/javascript_include.png, id=615, 434.62375pt x 126.4725pt>
File: ./imagens/javascript_include.png Graphic file (type png)

<use ./imagens/javascript_include.png>
Package pdftex.def Info: ./imagens/javascript_include.png used on input line 23
.
(pdftex.def)             Requested size: 347.69946pt x 101.17813pt.
 [36 <C:/Users/Andressa Faria/Documents/GitHub/tcc/documento/latex/imagens/java
script_code.png> <C:/Users/Andressa Faria/Documents/GitHub/tcc/documento/latex/
imagens/javascript_include.png>])
("C:\Users\Andressa Faria\Documents\GitHub\tcc\documento\latex\editaveis/quadro
_teorico/angularjs.tex"))
("C:\Users\Andressa Faria\Documents\GitHub\tcc\documento\latex\editaveis/12_Qua
droMetodologico.tex" [37]
("C:\Users\Andressa Faria\Documents\GitHub\tcc\documento\latex\editaveis/quadro
_metodologico/tipo_pesquisa.tex" [38

])
("C:\Users\Andressa Faria\Documents\GitHub\tcc\documento\latex\editaveis/quadro
_metodologico/contexto_pesquisa.tex")
("C:\Users\Andressa Faria\Documents\GitHub\tcc\documento\latex\editaveis/quadro
_metodologico/instrumentos.tex" [39])
("C:\Users\Andressa Faria\Documents\GitHub\tcc\documento\latex\editaveis/quadro
_metodologico/procedimentos.tex" [40]
<./imagens/modelo-dominio-inicial.png, id=666, 757.83125pt x 532.99126pt>
File: ./imagens/modelo-dominio-inicial.png Graphic file (type png)

<use ./imagens/modelo-dominio-inicial.png>
Package pdftex.def Info: ./imagens/modelo-dominio-inicial.png used on input lin
e 18.
(pdftex.def)             Requested size: 341.02092pt x 239.84384pt.


LaTeX Warning: `!h' float specifier changed to `!ht'.

<./imagens/caso-de-uso-contratantes.png, id=670, 521.95pt x 464.73625pt>
File: ./imagens/caso-de-uso-contratantes.png Graphic file (type png)

<use ./imagens/caso-de-uso-contratantes.png>
Package pdftex.def Info: ./imagens/caso-de-uso-contratantes.png used on input l
ine 27.
(pdftex.def)             Requested size: 313.17241pt x 278.84389pt.
 [41] [42 <C:/Users/Andressa Faria/Documents/GitHub/tcc/documento/latex/imagens
/modelo-dominio-inicial.png> <C:/Users/Andressa Faria/Documents/GitHub/tcc/docu
mento/latex/imagens/caso-de-uso-contratantes.png>]
<./imagens/caso-de-uso-provedores-servico.png, id=682, 412.54124pt x 236.885pt>
File: ./imagens/caso-de-uso-provedores-servico.png Graphic file (type png)
<use ./imagens/caso-de-uso-provedores-servico.png>
Package pdftex.def Info: ./imagens/caso-de-uso-provedores-servico.png used on i
nput line 36.
(pdftex.def)             Requested size: 247.52666pt x 142.13208pt.

<./imagens/caso-de-uso-usuario.png, id=683, 465.74pt x 419.5675pt>
File: ./imagens/caso-de-uso-usuario.png Graphic file (type png)

<use ./imagens/caso-de-uso-usuario.png>
Package pdftex.def Info: ./imagens/caso-de-uso-usuario.png used on input line 4
3.
(pdftex.def)             Requested size: 279.44615pt x 251.74243pt.
 [43 <C:/Users/Andressa Faria/Documents/GitHub/tcc/documento/latex/imagens/caso
-de-uso-provedores-servico.png> <C:/Users/Andressa Faria/Documents/GitHub/tcc/d
ocumento/latex/imagens/caso-de-uso-usuario.png>]
("C:\Users\Andressa Faria\Documents\GitHub\tcc\documento\latex\fluxos\fluxo-eve
nto-localizar-mao-de-obra.tex"
LaTeX Font Info:    External font `lmex10' loaded for size
(Font)              <10.95> on input line 1.
LaTeX Font Info:    Font shape `T1/ptm/bx/n' in size <10.95> not available
(Font)              Font shape `T1/ptm/b/n' tried instead on input line 2.
)
Underfull \hbox (badness 10000) in paragraph at lines 1--55
[][]
 []


Underfull \hbox (badness 10000) in paragraph at lines 1--55

 []


("C:\Users\Andressa Faria\Documents\GitHub\tcc\documento\latex\fluxos\fluxo-eve
nto-avaliar-mao-de-obra.tex")
Underfull \hbox (badness 10000) in paragraph at lines 1--62
[][]
 []


Underfull \hbox (badness 10000) in paragraph at lines 1--62

 []


LaTeX Warning: `!h' float specifier changed to `!ht'.

[44]
("C:\Users\Andressa Faria\Documents\GitHub\tcc\documento\latex\fluxos\fluxo-eve
nto-localizar-parceiro.tex")
Underfull \hbox (badness 10000) in paragraph at lines 1--70
[][]
 []


Underfull \hbox (badness 10000) in paragraph at lines 1--70

 []

[45]
("C:\Users\Andressa Faria\Documents\GitHub\tcc\documento\latex\fluxos\fluxo-eve
nto-adicionar-parceiro.tex")
Underfull \hbox (badness 10000) in paragraph at lines 1--78
[][]
 []


Underfull \hbox (badness 10000) in paragraph at lines 1--78

 []

[46]
("C:\Users\Andressa Faria\Documents\GitHub\tcc\documento\latex\fluxos\fluxo-eve
nto-aceitar-parceria.tex")
Underfull \hbox (badness 10000) in paragraph at lines 1--86
[][]
 []


Underfull \hbox (badness 10000) in paragraph at lines 1--86

 []

[47]
("C:\Users\Andressa Faria\Documents\GitHub\tcc\documento\latex\fluxos\fluxo-eve
nto-gerenciar-servicos.tex")
Underfull \hbox (badness 10000) in paragraph at lines 1--94
[][]
 []


Underfull \hbox (badness 10000) in paragraph at lines 1--94

 []

[48]
("C:\Users\Andressa Faria\Documents\GitHub\tcc\documento\latex\fluxos\fluxo-eve
nto-criar-conta.tex")
Underfull \hbox (badness 10000) in paragraph at lines 1--102
[][]
 []


Underfull \hbox (badness 10000) in paragraph at lines 1--102

 []

[49] <./imagens/robustez.png, id=718, 1132.23pt x 543.02875pt>
File: ./imagens/robustez.png Graphic file (type png)

<use ./imagens/robustez.png>
Package pdftex.def Info: ./imagens/robustez.png used on input line 111.
(pdftex.def)             Requested size: 396.28644pt x 190.0629pt.

<./imagens/modelo-dominio-com-atributos.png, id=719, 865.2325pt x 600.2425pt>
File: ./imagens/modelo-dominio-com-atributos.png Graphic file (type png)

<use ./imagens/modelo-dominio-com-atributos.png>
Package pdftex.def Info: ./imagens/modelo-dominio-com-atributos.png used on inp
ut line 118.
(pdftex.def)             Requested size: 519.14351pt x 360.14827pt.
 [50 <C:/Users/Andressa Faria/Documents/GitHub/tcc/documento/latex/imagens/robu
stez.png> <C:/Users/Andressa Faria/Documents/GitHub/tcc/documento/latex/imagens
/modelo-dominio-com-atributos.png>] <./imagens/structure-all-nodes.png, id=726,
 939.51pt x 624.3325pt>
File: ./imagens/structure-all-nodes.png Graphic file (type png)

<use ./imagens/structure-all-nodes.png>
Package pdftex.def Info: ./imagens/structure-all-nodes.png used on input line 1
27.
(pdftex.def)             Requested size: 469.75385pt x 312.16548pt.

Overfull \hbox (1.06189pt too wide) in paragraph at lines 134--135
[]\T1/ptm/m/n/12 Na ter-ceira fase, de-fi-nida como pro-jeto de-ta-lhado, fo-ra
m cri-a-dos os di-a-gra-mas de sequên-
 []

[51 <C:/Users/Andressa Faria/Documents/GitHub/tcc/documento/latex/imagens/struc
ture-all-nodes.png>]
<./imagens/diagrama-sequencia-localizar-novos-parceiros.jpg, id=733, 2485.285pt
 x 1489.565pt>
File: ./imagens/diagrama-sequencia-localizar-novos-parceiros.jpg Graphic file (
type jpg)

<use ./imagens/diagrama-sequencia-localizar-novos-parceiros.jpg>
Package pdftex.def Info: ./imagens/diagrama-sequencia-localizar-novos-parceiros
.jpg used on input line 138.
(pdftex.def)             Requested size: 2485.27898pt x 1489.56137pt.
 [52 <C:/Users/Andressa Faria/Documents/GitHub/tcc/documento/latex/imagens/diag
rama-sequencia-localizar-novos-parceiros.jpg>]
<./imagens/classe.jpg, id=739, 2746.26pt x 1561.835pt>
File: ./imagens/classe.jpg Graphic file (type jpg)

<use ./imagens/classe.jpg>
Package pdftex.def Info: ./imagens/classe.jpg used on input line 147.
(pdftex.def)             Requested size: 2746.25333pt x 1561.8312pt.
 [53 <C:/Users/Andressa Faria/Documents/GitHub/tcc/documento/latex/imagens/clas
se.jpg>]
<./imagens/github.jpg, id=745, 1242.6425pt x 661.47125pt>
File: ./imagens/github.jpg Graphic file (type jpg)

<use ./imagens/github.jpg>
Package pdftex.def Info: ./imagens/github.jpg used on input line 163.
(pdftex.def)             Requested size: 434.9314pt x 231.5184pt.
 [54 <C:/Users/Andressa Faria/Documents/GitHub/tcc/documento/latex/imagens/gith
ub.jpg>]
<./imagens/eclipse-editor-texto.png, id=752, 1282.7925pt x 777.90625pt>
File: ./imagens/eclipse-editor-texto.png Graphic file (type png)

<use ./imagens/eclipse-editor-texto.png>
Package pdftex.def Info: ./imagens/eclipse-editor-texto.png used on input line 
178.
(pdftex.def)             Requested size: 448.9841pt x 272.27126pt.
 [55 <C:/Users/Andressa Faria/Documents/GitHub/tcc/documento/latex/imagens/ecli
pse-editor-texto.png>] [56]
<./imagens/conexao-banco.jpg, id=763, 1334.9875pt x 684.5575pt>
File: ./imagens/conexao-banco.jpg Graphic file (type jpg)

<use ./imagens/conexao-banco.jpg>
Package pdftex.def Info: ./imagens/conexao-banco.jpg used on input line 206.
(pdftex.def)             Requested size: 467.25264pt x 239.59871pt.

<./imagens/query-cypher.png, id=765, 934.49126pt x 516.93124pt>
File: ./imagens/query-cypher.png Graphic file (type png)

<use ./imagens/query-cypher.png>
Package pdftex.def Info: ./imagens/query-cypher.png used on input line 215.
(pdftex.def)             Requested size: 420.51718pt x 232.6169pt.
 [57 <C:/Users/Andressa Faria/Documents/GitHub/tcc/documento/latex/imagens/cone
xao-banco.jpg> <C:/Users/Andressa Faria/Documents/GitHub/tcc/documento/latex/im
agens/query-cypher.png>]
<./imagens/login.jpg, id=773, 339.2675pt x 307.1475pt>
File: ./imagens/login.jpg Graphic file (type jpg)

<use ./imagens/login.jpg>
Package pdftex.def Info: ./imagens/login.jpg used on input line 230.
(pdftex.def)             Requested size: 203.56206pt x 184.28992pt.
 [58 <C:/Users/Andressa Faria/Documents/GitHub/tcc/documento/latex/imagens/logi
n.jpg>]
<./imagens/home-contratante.png, id=779, 1283.79625pt x 672.5125pt>
File: ./imagens/home-contratante.png Graphic file (type png)

<use ./imagens/home-contratante.png>
Package pdftex.def Info: ./imagens/home-contratante.png used on input line 239.

(pdftex.def)             Requested size: 449.33542pt x 235.38289pt.
 [59 <C:/Users/Andressa Faria/Documents/GitHub/tcc/documento/latex/imagens/home
-contratante.png>]
<./imagens/localizar-parceiro.png, id=786, 1282.7925pt x 668.4975pt>
File: ./imagens/localizar-parceiro.png Graphic file (type png)

<use ./imagens/localizar-parceiro.png>
Package pdftex.def Info: ./imagens/localizar-parceiro.png used on input line 25
0.
(pdftex.def)             Requested size: 448.9841pt x 233.97763pt.
 [60 <C:/Users/Andressa Faria/Documents/GitHub/tcc/documento/latex/imagens/loca
lizar-parceiro.png>]))
("C:\Users\Andressa Faria\Documents\GitHub\tcc\documento\latex\editaveis/13_Res
ultados.tex" [61] [62] [63

] [64]
<./imagens/consulta-busca-domestica.png, id=818, 569.12625pt x 739.76375pt>
File: ./imagens/consulta-busca-domestica.png Graphic file (type png)

<use ./imagens/consulta-busca-domestica.png>
Package pdftex.def Info: ./imagens/consulta-busca-domestica.png used on input l
ine 29.
(pdftex.def)             Requested size: 398.38567pt x 517.83109pt.
 [65 <C:/Users/Andressa Faria/Documents/GitHub/tcc/documento/latex/imagens/cons
ulta-busca-domestica.png>]
<./imagens/busca-domestica-edilson.png, id=825, 1282.7925pt x 666.49pt>
File: ./imagens/busca-domestica-edilson.png Graphic file (type png)

<use ./imagens/busca-domestica-edilson.png>
Package pdftex.def Info: ./imagens/busca-domestica-edilson.png used on input li
ne 39.
(pdftex.def)             Requested size: 448.9841pt x 233.275pt.
 [66 <C:/Users/Andressa Faria/Documents/GitHub/tcc/documento/latex/imagens/busc
a-domestica-edilson.png>]
<./imagens/consulta-busca-possiveis-parceiros.png, id=833, 696.6025pt x 394.473
75pt>
File: ./imagens/consulta-busca-possiveis-parceiros.png Graphic file (type png)
 <use ./imagens/consulta-busca-possiveis-parceiros.png>
Package pdftex.def Info: ./imagens/consulta-busca-possiveis-parceiros.png used 
on input line 55.
(pdftex.def)             Requested size: 417.96472pt x 236.68607pt.

<./imagens/busca-possiveis-parceiros.png, id=835, 250.9375pt x 636.3775pt>
File: ./imagens/busca-possiveis-parceiros.png Graphic file (type png)

<use ./imagens/busca-possiveis-parceiros.png>
Package pdftex.def Info: ./imagens/busca-possiveis-parceiros.png used on input 
line 64.
(pdftex.def)             Requested size: 100.37321pt x 254.5465pt.
 [67 <C:/Users/Andressa Faria/Documents/GitHub/tcc/documento/latex/imagens/cons
ulta-busca-possiveis-parceiros.png> <C:/Users/Andressa Faria/Documents/GitHub/t
cc/documento/latex/imagens/busca-possiveis-parceiros.png>]
<./imagens/consulta-busca-novos-parceiros.png, id=843, 636.3775pt x 401.5pt>
File: ./imagens/consulta-busca-novos-parceiros.png Graphic file (type png)

<use ./imagens/consulta-busca-novos-parceiros.png>
Package pdftex.def Info: ./imagens/consulta-busca-novos-parceiros.png used on i
nput line 76.
(pdftex.def)             Requested size: 381.82944pt x 240.90184pt.
 [68 <C:/Users/Andressa Faria/Documents/GitHub/tcc/documento/latex/imagens/cons
ulta-busca-novos-parceiros.png>] <./imagens/busca-novos-parceiros.png, id=850, 
1283.79625pt x 646.415pt>
File: ./imagens/busca-novos-parceiros.png Graphic file (type png)

<use ./imagens/busca-novos-parceiros.png>
Package pdftex.def Info: ./imagens/busca-novos-parceiros.png used on input line
 86.
(pdftex.def)             Requested size: 513.5094pt x 258.56142pt.
)
("C:\Users\Andressa Faria\Documents\GitHub\tcc\documento\latex\editaveis/14_Con
clusao.tex" [69 <C:/Users/Andressa Faria/Documents/GitHub/tcc/documento/latex/i
magens/busca-novos-parceiros.png>])
("C:\Users\Andressa Faria\Documents\GitHub\tcc\documento\latex\Principal.bbl"
[70

]
bibitemlist
[71

] [72])
("C:\Users\Andressa Faria\Documents\GitHub\tcc\documento\latex\editaveis/20_Ape
ndices.tex" [73] [74

]
("C:\Users\Andressa Faria\Documents\GitHub\tcc\documento\latex\editaveis/21_Ape
ndice_01.tex"

LaTeX Warning: Reference `fig:ap1:pagina_inicial_github' on page 75 undefined o
n input line 8.


<./imagens/apendices/pagina-inicial-github.png, id=898, 773.13844pt x 368.87813
pt>
File: ./imagens/apendices/pagina-inicial-github.png Graphic file (type png)
 <use ./imagens/apendices/pagina-inicial-github.png>
Package pdftex.def Info: ./imagens/apendices/pagina-inicial-github.png used on 
input line 12.
(pdftex.def)             Requested size: 425.22746pt x 202.88359pt.


LaTeX Warning: Reference `fig:ap1:pagina_home_github' on page 75 undefined on i
nput line 18.

[75

 <C:/Users/Andressa Faria/Documents/GitHub/tcc/documento/latex/imagens/apendice
s/pagina-inicial-github.png>]
<./imagens/apendices/pagina-home-github.png, id=906, 794.2172pt x 691.83469pt>
File: ./imagens/apendices/pagina-home-github.png Graphic file (type png)

<use ./imagens/apendices/pagina-home-github.png>
Package pdftex.def Info: ./imagens/apendices/pagina-home-github.png used on inp
ut line 23.
(pdftex.def)             Requested size: 436.8208pt x 380.51025pt.
)
("C:\Users\Andressa Faria\Documents\GitHub\tcc\documento\latex\editaveis/22_Ape
ndice_02.tex" [76 <C:/Users/Andressa Faria/Documents/GitHub/tcc/documento/latex
/imagens/apendices/pagina-home-github.png>]
<./imagens/apendice_img1.png, id=914, 526.96875pt x 501.875pt>
File: ./imagens/apendice_img1.png Graphic file (type png)

<use ./imagens/apendice_img1.png>
Package pdftex.def Info: ./imagens/apendice_img1.png used on input line 8.
(pdftex.def)             Requested size: 158.09184pt x 150.56366pt.


Package xcolor Warning: Incompatible color definition on input line 21.


Package xcolor Warning: Incompatible color definition on input line 23.


Package xcolor Warning: Incompatible color definition on input line 25.


Package xcolor Warning: Incompatible color definition on input line 26.


Package xcolor Warning: Incompatible color definition on input line 26.


Package xcolor Warning: Incompatible color definition on input line 27.


Package xcolor Warning: Incompatible color definition on input line 27.


Package xcolor Warning: Incompatible color definition on input line 29.


Package xcolor Warning: Incompatible color definition on input line 31.


Package xcolor Warning: Incompatible color definition on input line 33.

))
("C:\Users\Andressa Faria\Documents\GitHub\tcc\documento\latex\editaveis/30_Ane
xos.tex"
("C:\Users\Andressa Faria\Documents\GitHub\tcc\documento\latex\editaveis\31_Ane
xo_01.tex" [77

 <C:/Users/Andressa Faria/Documents/GitHub/tcc/documento/latex/imagens/apendice
_img1.png>]))
No file Principal.ind.

AED: lastpage setting LastPage
[78

]

Package caption Warning: Unused \captionsetup[Quadro] on input line 302.
See the caption package documentation for explanation.


Package caption Warning: Unused \captionsetup[floatfoot] on input line 304.
See the caption package documentation for explanation.

\tf@lof=\write4
\tf@loq=\write5
\tf@toc=\write6
Package atveryend Info: Empty hook `BeforeClearDocument' on input line 57.
Package atveryend Info: Empty hook `AfterLastShipout' on input line 57.
("C:\Users\Andressa Faria\Documents\GitHub\tcc\documento\latex\Principal.aux"
("C:\Users\Andressa Faria\Documents\GitHub\tcc\documento\latex\fixos/01_Capa.au
x"))
Package atveryend Info: Executing hook `AtVeryEndDocument' on input line 57.
Package atveryend Info: Empty hook `AtEndAfterFileList' on input line 57.


LaTeX Warning: There were undefined references.


LaTeX Warning: Label(s) may have changed. Rerun to get cross-references right.

Package atveryend Info: Empty hook `AtVeryVeryEnd' on input line 57.
 ) 
Here is how much of TeX's memory you used:
 15786 strings out of 493921
 253092 string characters out of 3144849
 367480 words of memory out of 3000000
 18407 multiletter control sequences out of 15000+200000
 69046 words of font info for 69 fonts, out of 3000000 for 9000
 841 hyphenation exceptions out of 8191
 46i,12n,43p,1075b,1465s stack positions out of 5000i,500n,10000p,200000b,50000s
pdfTeX warning (dest): name{figure.caption.60} has been referenced but does n
ot exist, replaced by a fixed one

{C:/Program Files (x86)/MiKTeX 2.9/fonts/enc/dvips/lm/lm-ec.enc}{C:/Program Fil
es (x86)/MiKTeX 2.9/fonts/enc/dvips/fontname/8r.enc}{C:/Program Files (x86)/MiK
TeX 2.9/fonts/enc/dvips/lm/lm-mathit.enc}<C:/Program Files (x86)/MiKTeX 2.9/fon
ts/type1/public/amsfonts/cm/cmsy10.pfb><C:/Program Files (x86)/MiKTeX 2.9/fonts
/type1/public/lm/lmmi8.pfb><C:/Program Files (x86)/MiKTeX 2.9/fonts/type1/publi
c/lm/lmtl10.pfb><C:/Program Files (x86)/MiKTeX 2.9/fonts/type1/urw/times/utmb8a
.pfb><C:/Program Files (x86)/MiKTeX 2.9/fonts/type1/urw/times/utmbi8a.pfb><C:/P
rogram Files (x86)/MiKTeX 2.9/fonts/type1/urw/times/utmr8a.pfb><C:/Program File
s (x86)/MiKTeX 2.9/fonts/type1/urw/times/utmri8a.pfb>
Output written on Principal.pdf (79 pages, 3296066 bytes).
PDF statistics:
 1169 PDF objects out of 1200 (max. 8388607)
 250 named destinations out of 1000 (max. 500000)
 580 words of extra memory for PDF output out of 10000 (max. 10000000)

